<?xml version="1.0" encoding="UTF-8"?>
<!-- Generated by org.testng.reporters.JUnitReportReporter -->
<testsuite skipped="0" hostname="PradeepanR" name="RunnerPackage.ServiceClass" tests="1" failures="0" timestamp="15 Jun 2023 15:02:48 GMT" time="0.059" errors="0">
  <testcase name="tc4" time="0.059" classname="RunnerPackage.ServiceClass"/>
</testsuite> <!-- RunnerPackage.ServiceClass -->
