<?xml version="1.0" encoding="UTF-8"?>
<!-- Generated by org.testng.reporters.JUnitReportReporter -->
<testsuite skipped="0" hostname="PradeepanR" name="RunnerPackage.SampleClass" tests="1" failures="0" timestamp="13 Jun 2023 11:44:21 GMT" time="0.010" errors="0">
  <testcase name="tc1" time="0.010" classname="RunnerPackage.SampleClass"/>
</testsuite> <!-- RunnerPackage.SampleClass -->
