<?xml version="1.0" encoding="UTF-8"?>
<!-- Generated by org.testng.reporters.JUnitReportReporter -->
<testsuite skipped="12" hostname="PradeepanR" name="RunnerPackage.RunnerClass" tests="13" failures="0" timestamp="04 Jul 2023 13:45:14 GMT" time="87.817" errors="0">
  <testcase name="ProfileUpdate" time="87.817" classname="RunnerPackage.RunnerClass"/>
  <testcase name="CurrentOrganizationCandidate" classname="RunnerPackage.RunnerClass">
    <skipped/>
  </testcase> <!-- CurrentOrganizationCandidate -->
  <testcase name="CurrentOrganization" classname="RunnerPackage.RunnerClass">
    <skipped/>
  </testcase> <!-- CurrentOrganization -->
  <testcase name="JobHoldAndClosed" classname="RunnerPackage.RunnerClass">
    <skipped/>
  </testcase> <!-- JobHoldAndClosed -->
  <testcase name="CandidateCreation" classname="RunnerPackage.RunnerClass">
    <skipped/>
  </testcase> <!-- CandidateCreation -->
  <testcase name="JobCardViewEdit" classname="RunnerPackage.RunnerClass">
    <skipped/>
  </testcase> <!-- JobCardViewEdit -->
  <testcase name="connections" classname="RunnerPackage.RunnerClass">
    <skipped/>
  </testcase> <!-- connections -->
  <testcase name="CandidateDetails" classname="RunnerPackage.RunnerClass">
    <skipped/>
  </testcase> <!-- CandidateDetails -->
  <testcase name="UserCreation" classname="RunnerPackage.RunnerClass">
    <skipped/>
  </testcase> <!-- UserCreation -->
  <testcase name="PersionalDetails" classname="RunnerPackage.RunnerClass">
    <skipped/>
  </testcase> <!-- PersionalDetails -->
  <testcase name="JobCreation" classname="RunnerPackage.RunnerClass">
    <skipped/>
  </testcase> <!-- JobCreation -->
  <testcase name="Deactivate" classname="RunnerPackage.RunnerClass">
    <skipped/>
  </testcase> <!-- Deactivate -->
  <testcase name="JobCardDetails" classname="RunnerPackage.RunnerClass">
    <skipped/>
  </testcase> <!-- JobCardDetails -->
</testsuite> <!-- RunnerPackage.RunnerClass -->
